[debug] [2020-11-03T08:49:58.223Z] ----------------------------------------------------------------------
[debug] [2020-11-03T08:49:58.229Z] Command:       C:\Program Files\nodejs\node.exe C:\Users\trinhnhatminh\AppData\Roaming\npm\node_modules\firebase-tools\lib\bin\firebase.js serve
[debug] [2020-11-03T08:49:58.229Z] CLI Version:   8.13.1
[debug] [2020-11-03T08:49:58.229Z] Platform:      win32
[debug] [2020-11-03T08:49:58.229Z] Node Version:  v12.16.3
[debug] [2020-11-03T08:49:58.231Z] Time:          Tue Nov 03 2020 15:49:58 GMT+0700 (Indochina Time)
[debug] [2020-11-03T08:49:58.231Z] ----------------------------------------------------------------------
[debug] [2020-11-03T08:49:58.231Z] 
[debug] [2020-11-03T08:49:58.267Z] > command requires scopes: ["email","openid","https://www.googleapis.com/auth/cloudplatformprojects.readonly","https://www.googleapis.com/auth/firebase","https://www.googleapis.com/auth/cloud-platform"]
[debug] [2020-11-03T08:49:58.269Z] > authorizing via signed-in user
[debug] [2020-11-03T08:49:58.269Z] [iam] checking project socialnetwork-42857 for permissions ["firebase.projects.get"]
[debug] [2020-11-03T08:49:58.272Z] >>> HTTP REQUEST POST https://cloudresourcemanager.googleapis.com/v1/projects/socialnetwork-42857:testIamPermissions  
 {"permissions":["firebase.projects.get"]}
[debug] [2020-11-03T08:49:59.270Z] <<< HTTP RESPONSE 200 {"content-type":"application/json; charset=UTF-8","vary":"X-Origin, Referer, Origin,Accept-Encoding","date":"Tue, 03 Nov 2020 08:49:59 GMT","server":"ESF","cache-control":"private","x-xss-protection":"0","x-frame-options":"SAMEORIGIN","x-content-type-options":"nosniff","server-timing":"gfet4t7; dur=818","alt-svc":"h3-Q050=\":443\"; ma=2592000,h3-29=\":443\"; ma=2592000,h3-T051=\":443\"; ma=2592000,h3-T050=\":443\"; ma=2592000,h3-Q046=\":443\"; ma=2592000,h3-Q043=\":443\"; ma=2592000,quic=\":443\"; ma=2592000; v=\"46,43\"","accept-ranges":"none","transfer-encoding":"chunked"}
[debug] [2020-11-03T08:49:59.271Z] >>> HTTP REQUEST GET https://firebase.googleapis.com/v1beta1/projects/socialnetwork-42857  
 
[debug] [2020-11-03T08:50:20.390Z] Error: connect ETIMEDOUT 216.58.220.202:443
    at TCPConnectWrap.afterConnect [as oncomplete] (net.js:1141:16)
[error] 
[error] Error: Server Error. connect ETIMEDOUT 216.58.220.202:443
[debug] [2020-11-03T09:02:36.127Z] ----------------------------------------------------------------------
[debug] [2020-11-03T09:02:36.129Z] Command:       C:\Program Files\nodejs\node.exe C:\Users\trinhnhatminh\AppData\Roaming\npm\node_modules\firebase-tools\lib\bin\firebase.js serve
[debug] [2020-11-03T09:02:36.129Z] CLI Version:   8.13.1
[debug] [2020-11-03T09:02:36.129Z] Platform:      win32
[debug] [2020-11-03T09:02:36.129Z] Node Version:  v12.16.3
[debug] [2020-11-03T09:02:36.130Z] Time:          Tue Nov 03 2020 16:02:36 GMT+0700 (Indochina Time)
[debug] [2020-11-03T09:02:36.130Z] ----------------------------------------------------------------------
[debug] [2020-11-03T09:02:36.130Z] 
[debug] [2020-11-03T09:02:36.137Z] > command requires scopes: ["email","openid","https://www.googleapis.com/auth/cloudplatformprojects.readonly","https://www.googleapis.com/auth/firebase","https://www.googleapis.com/auth/cloud-platform"]
[debug] [2020-11-03T09:02:36.138Z] > authorizing via signed-in user
[debug] [2020-11-03T09:02:36.138Z] [iam] checking project socialnetwork-42857 for permissions ["firebase.projects.get"]
[debug] [2020-11-03T09:02:36.140Z] >>> HTTP REQUEST POST https://cloudresourcemanager.googleapis.com/v1/projects/socialnetwork-42857:testIamPermissions  
 {"permissions":["firebase.projects.get"]}
[debug] [2020-11-03T09:02:57.211Z] [iam] error while checking permissions, command may fail: FirebaseError: Server Error. connect ETIMEDOUT 172.217.24.202:443
[debug] [2020-11-03T09:02:57.212Z] >>> HTTP REQUEST GET https://firebase.googleapis.com/v1beta1/projects/socialnetwork-42857  
 
[debug] [2020-11-03T09:02:57.650Z] <<< HTTP RESPONSE 200 {"content-type":"application/json; charset=UTF-8","vary":"X-Origin, Referer, Origin,Accept-Encoding","date":"Tue, 03 Nov 2020 09:02:57 GMT","server":"ESF","cache-control":"private","x-xss-protection":"0","x-frame-options":"SAMEORIGIN","x-content-type-options":"nosniff","alt-svc":"h3-Q050=\":443\"; ma=2592000,h3-29=\":443\"; ma=2592000,h3-T051=\":443\"; ma=2592000,h3-T050=\":443\"; ma=2592000,h3-Q046=\":443\"; ma=2592000,h3-Q043=\":443\"; ma=2592000,quic=\":443\"; ma=2592000; v=\"46,43\"","accept-ranges":"none","transfer-encoding":"chunked"}
[info] 
[info] === Serving from 'E:\New folder\New folder'...
[info] 
[info] +  functions: Using node@12 from host. {"metadata":{"emulator":{"name":"functions"},"message":"Using node@12 from host."}}
[debug] [2020-11-03T09:02:59.712Z] defaultcredentials: writing to file C:\Users\trinhnhatminh\AppData\Roaming\firebase\minh2nt_gmail_com_application_default_credentials.json
[debug] [2020-11-03T09:02:59.713Z] Setting GAC to C:\Users\trinhnhatminh\AppData\Roaming\firebase\minh2nt_gmail_com_application_default_credentials.json {"metadata":{"emulator":{"name":"functions"},"message":"Setting GAC to C:\\Users\\trinhnhatminh\\AppData\\Roaming\\firebase\\minh2nt_gmail_com_application_default_credentials.json"}}
[info] i  functions: Watching "E:\New folder\New folder\functions" for Cloud Functions... {"metadata":{"emulator":{"name":"functions"},"message":"Watching \"E:\\New folder\\New folder\\functions\" for Cloud Functions..."}}
[debug] [2020-11-03T09:02:59.737Z] [worker-pool] addWorker(~diagnostic~) {"metadata":{"emulator":{"name":"functions"},"message":"[worker-pool] addWorker(~diagnostic~)"}}
[debug] [2020-11-03T09:02:59.737Z] [worker-pool] Adding worker with key ~diagnostic~, total=1 {"metadata":{"emulator":{"name":"functions"},"message":"[worker-pool] Adding worker with key ~diagnostic~, total=1"}}
[debug] [2020-11-03T09:02:59.737Z] [worker-pool] submitWork(triggerId=) {"metadata":{"emulator":{"name":"functions"},"message":"[worker-pool] submitWork(triggerId=)"}}
[debug] [2020-11-03T09:02:59.738Z] [worker-~diagnostic~-db0d4a70-f278-410e-a0a1-81aef6cc2a98]: Assigning socketPath: \\?\pipe\E:\New folder\New folder\functions\10584 {"metadata":{"emulator":{"name":"functions"},"message":"[worker-~diagnostic~-db0d4a70-f278-410e-a0a1-81aef6cc2a98]: Assigning socketPath: \\\\?\\pipe\\E:\\New folder\\New folder\\functions\\10584"}}
[debug] [2020-11-03T09:02:59.738Z] [worker-~diagnostic~-db0d4a70-f278-410e-a0a1-81aef6cc2a98]: BUSY {"metadata":{"emulator":{"name":"functions"},"message":"[worker-~diagnostic~-db0d4a70-f278-410e-a0a1-81aef6cc2a98]: BUSY"}}
[debug] [2020-11-03T09:03:00.116Z] [runtime-status] [10584] Functions runtime initialized. {"cwd":"E:\\New folder\\New folder\\functions","node_version":"12.16.3"} {"metadata":{"emulator":{"name":"functions"},"message":"[runtime-status] [10584] Functions runtime initialized. {\"cwd\":\"E:\\\\New folder\\\\New folder\\\\functions\",\"node_version\":\"12.16.3\"}"}}
[debug] [2020-11-03T09:03:00.120Z] [runtime-status] [10584] Disabled runtime features: undefined {"metadata":{"emulator":{"name":"functions"},"message":"[runtime-status] [10584] Disabled runtime features: undefined"}}
[debug] [2020-11-03T09:03:00.125Z] [runtime-status] [10584] Resolved module firebase-admin {"declared":true,"installed":true,"version":"9.3.0","resolution":"E:\\New folder\\New folder\\functions\\node_modules\\firebase-admin\\lib\\index.js"} {"metadata":{"emulator":{"name":"functions"},"message":"[runtime-status] [10584] Resolved module firebase-admin {\"declared\":true,\"installed\":true,\"version\":\"9.3.0\",\"resolution\":\"E:\\\\New folder\\\\New folder\\\\functions\\\\node_modules\\\\firebase-admin\\\\lib\\\\index.js\"}"}}
[debug] [2020-11-03T09:03:00.128Z] [runtime-status] [10584] Resolved module firebase-functions {"declared":true,"installed":true,"version":"3.11.0","resolution":"E:\\New folder\\New folder\\functions\\node_modules\\firebase-functions\\lib\\index.js"} {"metadata":{"emulator":{"name":"functions"},"message":"[runtime-status] [10584] Resolved module firebase-functions {\"declared\":true,\"installed\":true,\"version\":\"3.11.0\",\"resolution\":\"E:\\\\New folder\\\\New folder\\\\functions\\\\node_modules\\\\firebase-functions\\\\lib\\\\index.js\"}"}}
[debug] [2020-11-03T09:03:00.128Z] [runtime-status] [10584] Resolved module firebase-functions {"declared":true,"installed":true,"version":"3.11.0","resolution":"E:\\New folder\\New folder\\functions\\node_modules\\firebase-functions\\lib\\index.js"} {"metadata":{"emulator":{"name":"functions"},"message":"[runtime-status] [10584] Resolved module firebase-functions {\"declared\":true,\"installed\":true,\"version\":\"3.11.0\",\"resolution\":\"E:\\\\New folder\\\\New folder\\\\functions\\\\node_modules\\\\firebase-functions\\\\lib\\\\index.js\"}"}}
[debug] [2020-11-03T09:03:00.129Z] [runtime-status] [10584] Outgoing network have been stubbed. [{"name":"http","status":"mocked"},{"name":"http","status":"mocked"},{"name":"https","status":"mocked"},{"name":"https","status":"mocked"},{"name":"net","status":"mocked"}] {"metadata":{"emulator":{"name":"functions"},"message":"[runtime-status] [10584] Outgoing network have been stubbed. [{\"name\":\"http\",\"status\":\"mocked\"},{\"name\":\"http\",\"status\":\"mocked\"},{\"name\":\"https\",\"status\":\"mocked\"},{\"name\":\"https\",\"status\":\"mocked\"},{\"name\":\"net\",\"status\":\"mocked\"}]"}}
[debug] [2020-11-03T09:03:00.130Z] [runtime-status] [10584] Resolved module firebase-functions {"declared":true,"installed":true,"version":"3.11.0","resolution":"E:\\New folder\\New folder\\functions\\node_modules\\firebase-functions\\lib\\index.js"} {"metadata":{"emulator":{"name":"functions"},"message":"[runtime-status] [10584] Resolved module firebase-functions {\"declared\":true,\"installed\":true,\"version\":\"3.11.0\",\"resolution\":\"E:\\\\New folder\\\\New folder\\\\functions\\\\node_modules\\\\firebase-functions\\\\lib\\\\index.js\"}"}}
[debug] [2020-11-03T09:03:00.167Z] [runtime-status] [10584] Checked functions.config() {"config":{}} {"metadata":{"emulator":{"name":"functions"},"message":"[runtime-status] [10584] Checked functions.config() {\"config\":{}}"}}
[debug] [2020-11-03T09:03:00.167Z] [runtime-status] [10584] firebase-functions has been stubbed. {"functionsResolution":{"declared":true,"installed":true,"version":"3.11.0","resolution":"E:\\New folder\\New folder\\functions\\node_modules\\firebase-functions\\lib\\index.js"}} {"metadata":{"emulator":{"name":"functions"},"message":"[runtime-status] [10584] firebase-functions has been stubbed. {\"functionsResolution\":{\"declared\":true,\"installed\":true,\"version\":\"3.11.0\",\"resolution\":\"E:\\\\New folder\\\\New folder\\\\functions\\\\node_modules\\\\firebase-functions\\\\lib\\\\index.js\"}}"}}
[debug] [2020-11-03T09:03:00.167Z] [runtime-status] [10584] Resolved module firebase-functions {"declared":true,"installed":true,"version":"3.11.0","resolution":"E:\\New folder\\New folder\\functions\\node_modules\\firebase-functions\\lib\\index.js"} {"metadata":{"emulator":{"name":"functions"},"message":"[runtime-status] [10584] Resolved module firebase-functions {\"declared\":true,\"installed\":true,\"version\":\"3.11.0\",\"resolution\":\"E:\\\\New folder\\\\New folder\\\\functions\\\\node_modules\\\\firebase-functions\\\\lib\\\\index.js\"}"}}
[debug] [2020-11-03T09:03:00.168Z] [runtime-status] [10584] Resolved module firebase-admin {"declared":true,"installed":true,"version":"9.3.0","resolution":"E:\\New folder\\New folder\\functions\\node_modules\\firebase-admin\\lib\\index.js"} {"metadata":{"emulator":{"name":"functions"},"message":"[runtime-status] [10584] Resolved module firebase-admin {\"declared\":true,\"installed\":true,\"version\":\"9.3.0\",\"resolution\":\"E:\\\\New folder\\\\New folder\\\\functions\\\\node_modules\\\\firebase-admin\\\\lib\\\\index.js\"}"}}
[debug] [2020-11-03T09:03:00.169Z] [runtime-status] [10584] Resolved module firebase-functions {"declared":true,"installed":true,"version":"3.11.0","resolution":"E:\\New folder\\New folder\\functions\\node_modules\\firebase-functions\\lib\\index.js"} {"metadata":{"emulator":{"name":"functions"},"message":"[runtime-status] [10584] Resolved module firebase-functions {\"declared\":true,\"installed\":true,\"version\":\"3.11.0\",\"resolution\":\"E:\\\\New folder\\\\New folder\\\\functions\\\\node_modules\\\\firebase-functions\\\\lib\\\\index.js\"}"}}
[debug] [2020-11-03T09:03:00.169Z] [runtime-status] [10584] firebase-admin has been stubbed. {"adminResolution":{"declared":true,"installed":true,"version":"9.3.0","resolution":"E:\\New folder\\New folder\\functions\\node_modules\\firebase-admin\\lib\\index.js"}} {"metadata":{"emulator":{"name":"functions"},"message":"[runtime-status] [10584] firebase-admin has been stubbed. {\"adminResolution\":{\"declared\":true,\"installed\":true,\"version\":\"9.3.0\",\"resolution\":\"E:\\\\New folder\\\\New folder\\\\functions\\\\node_modules\\\\firebase-admin\\\\lib\\\\index.js\"}}"}}
[debug] [2020-11-03T09:03:00.309Z] [runtime-status] [10584] initializeApp(DEFAULT) {"databaseURL":"https://socialnetwork-42857.firebaseio.com","storageBucket":"socialnetwork-42857.appspot.com","projectId":"socialnetwork-42857"} {"metadata":{"emulator":{"name":"functions"},"message":"[runtime-status] [10584] initializeApp(DEFAULT) {\"databaseURL\":\"https://socialnetwork-42857.firebaseio.com\",\"storageBucket\":\"socialnetwork-42857.appspot.com\",\"projectId\":\"socialnetwork-42857\"}"}}
[warn] !  functions: The Cloud Firestore emulator is not running, so calls to Firestore will affect production. {"metadata":{"emulator":{"name":"functions"},"message":"The Cloud Firestore emulator is not running, so calls to Firestore will affect production."}}
[info] +  functions[api]: http function initialized (http://localhost:5000/socialnetwork-42857/us-central1/api). {"metadata":{"emulator":{"name":"functions"},"message":"\u001b[1mhttp\u001b[22m function initialized (http://localhost:5000/socialnetwork-42857/us-central1/api)."}}
[debug] [2020-11-03T09:03:00.593Z] [worker-~diagnostic~-db0d4a70-f278-410e-a0a1-81aef6cc2a98]: IDLE {"metadata":{"emulator":{"name":"functions"},"message":"[worker-~diagnostic~-db0d4a70-f278-410e-a0a1-81aef6cc2a98]: IDLE"}}
[debug] [2020-11-03T09:07:33.303Z] File E:\New folder\New folder\functions\util\validator.js changed, reloading triggers {"metadata":{"emulator":{"name":"functions"},"message":"File E:\\New folder\\New folder\\functions\\util\\validator.js changed, reloading triggers"}}
[debug] [2020-11-03T09:07:34.304Z] [worker-pool] Shutting down IDLE worker (~diagnostic~) {"metadata":{"emulator":{"name":"functions"},"message":"[worker-pool] Shutting down IDLE worker (~diagnostic~)"}}
[debug] [2020-11-03T09:07:34.305Z] [worker-~diagnostic~-db0d4a70-f278-410e-a0a1-81aef6cc2a98]: FINISHING {"metadata":{"emulator":{"name":"functions"},"message":"[worker-~diagnostic~-db0d4a70-f278-410e-a0a1-81aef6cc2a98]: FINISHING"}}
[debug] [2020-11-03T09:07:34.500Z] [worker-pool] addWorker(~diagnostic~) {"metadata":{"emulator":{"name":"functions"},"message":"[worker-pool] addWorker(~diagnostic~)"}}
[debug] [2020-11-03T09:07:34.500Z] [worker-pool] Adding worker with key ~diagnostic~, total=2 {"metadata":{"emulator":{"name":"functions"},"message":"[worker-pool] Adding worker with key ~diagnostic~, total=2"}}
[debug] [2020-11-03T09:07:34.500Z] [worker-pool] submitWork(triggerId=) {"metadata":{"emulator":{"name":"functions"},"message":"[worker-pool] submitWork(triggerId=)"}}
[debug] [2020-11-03T09:07:34.500Z] [worker-~diagnostic~-4aebb2dd-abc5-4207-9790-5b8a3d0b1bd9]: Assigning socketPath: \\?\pipe\E:\New folder\New folder\functions\7784 {"metadata":{"emulator":{"name":"functions"},"message":"[worker-~diagnostic~-4aebb2dd-abc5-4207-9790-5b8a3d0b1bd9]: Assigning socketPath: \\\\?\\pipe\\E:\\New folder\\New folder\\functions\\7784"}}
[debug] [2020-11-03T09:07:34.501Z] [worker-~diagnostic~-4aebb2dd-abc5-4207-9790-5b8a3d0b1bd9]: BUSY {"metadata":{"emulator":{"name":"functions"},"message":"[worker-~diagnostic~-4aebb2dd-abc5-4207-9790-5b8a3d0b1bd9]: BUSY"}}
[debug] [2020-11-03T09:07:34.501Z] [worker-~diagnostic~-db0d4a70-f278-410e-a0a1-81aef6cc2a98]: exited {"metadata":{"emulator":{"name":"functions"},"message":"[worker-~diagnostic~-db0d4a70-f278-410e-a0a1-81aef6cc2a98]: exited"}}
[debug] [2020-11-03T09:07:34.501Z] [worker-~diagnostic~-db0d4a70-f278-410e-a0a1-81aef6cc2a98]: FINISHED {"metadata":{"emulator":{"name":"functions"},"message":"[worker-~diagnostic~-db0d4a70-f278-410e-a0a1-81aef6cc2a98]: FINISHED"}}
[debug] [2020-11-03T09:07:37.789Z] [runtime-status] [7784] Functions runtime initialized. {"cwd":"E:\\New folder\\New folder\\functions","node_version":"12.16.3"} {"metadata":{"emulator":{"name":"functions"},"message":"[runtime-status] [7784] Functions runtime initialized. {\"cwd\":\"E:\\\\New folder\\\\New folder\\\\functions\",\"node_version\":\"12.16.3\"}"}}
[debug] [2020-11-03T09:07:37.794Z] [runtime-status] [7784] Disabled runtime features: undefined {"metadata":{"emulator":{"name":"functions"},"message":"[runtime-status] [7784] Disabled runtime features: undefined"}}
[debug] [2020-11-03T09:07:37.813Z] [runtime-status] [7784] Resolved module firebase-admin {"declared":true,"installed":true,"version":"9.3.0","resolution":"E:\\New folder\\New folder\\functions\\node_modules\\firebase-admin\\lib\\index.js"} {"metadata":{"emulator":{"name":"functions"},"message":"[runtime-status] [7784] Resolved module firebase-admin {\"declared\":true,\"installed\":true,\"version\":\"9.3.0\",\"resolution\":\"E:\\\\New folder\\\\New folder\\\\functions\\\\node_modules\\\\firebase-admin\\\\lib\\\\index.js\"}"}}
[debug] [2020-11-03T09:07:37.818Z] [runtime-status] [7784] Resolved module firebase-functions {"declared":true,"installed":true,"version":"3.11.0","resolution":"E:\\New folder\\New folder\\functions\\node_modules\\firebase-functions\\lib\\index.js"} {"metadata":{"emulator":{"name":"functions"},"message":"[runtime-status] [7784] Resolved module firebase-functions {\"declared\":true,\"installed\":true,\"version\":\"3.11.0\",\"resolution\":\"E:\\\\New folder\\\\New folder\\\\functions\\\\node_modules\\\\firebase-functions\\\\lib\\\\index.js\"}"}}
[debug] [2020-11-03T09:07:37.819Z] [runtime-status] [7784] Resolved module firebase-functions {"declared":true,"installed":true,"version":"3.11.0","resolution":"E:\\New folder\\New folder\\functions\\node_modules\\firebase-functions\\lib\\index.js"} {"metadata":{"emulator":{"name":"functions"},"message":"[runtime-status] [7784] Resolved module firebase-functions {\"declared\":true,\"installed\":true,\"version\":\"3.11.0\",\"resolution\":\"E:\\\\New folder\\\\New folder\\\\functions\\\\node_modules\\\\firebase-functions\\\\lib\\\\index.js\"}"}}
[debug] [2020-11-03T09:07:37.821Z] [runtime-status] [7784] Outgoing network have been stubbed. [{"name":"http","status":"mocked"},{"name":"http","status":"mocked"},{"name":"https","status":"mocked"},{"name":"https","status":"mocked"},{"name":"net","status":"mocked"}] {"metadata":{"emulator":{"name":"functions"},"message":"[runtime-status] [7784] Outgoing network have been stubbed. [{\"name\":\"http\",\"status\":\"mocked\"},{\"name\":\"http\",\"status\":\"mocked\"},{\"name\":\"https\",\"status\":\"mocked\"},{\"name\":\"https\",\"status\":\"mocked\"},{\"name\":\"net\",\"status\":\"mocked\"}]"}}
[debug] [2020-11-03T09:07:37.822Z] [runtime-status] [7784] Resolved module firebase-functions {"declared":true,"installed":true,"version":"3.11.0","resolution":"E:\\New folder\\New folder\\functions\\node_modules\\firebase-functions\\lib\\index.js"} {"metadata":{"emulator":{"name":"functions"},"message":"[runtime-status] [7784] Resolved module firebase-functions {\"declared\":true,\"installed\":true,\"version\":\"3.11.0\",\"resolution\":\"E:\\\\New folder\\\\New folder\\\\functions\\\\node_modules\\\\firebase-functions\\\\lib\\\\index.js\"}"}}
[debug] [2020-11-03T09:07:37.913Z] [runtime-status] [7784] Checked functions.config() {"config":{}} {"metadata":{"emulator":{"name":"functions"},"message":"[runtime-status] [7784] Checked functions.config() {\"config\":{}}"}}
[debug] [2020-11-03T09:07:37.913Z] [runtime-status] [7784] firebase-functions has been stubbed. {"functionsResolution":{"declared":true,"installed":true,"version":"3.11.0","resolution":"E:\\New folder\\New folder\\functions\\node_modules\\firebase-functions\\lib\\index.js"}} {"metadata":{"emulator":{"name":"functions"},"message":"[runtime-status] [7784] firebase-functions has been stubbed. {\"functionsResolution\":{\"declared\":true,\"installed\":true,\"version\":\"3.11.0\",\"resolution\":\"E:\\\\New folder\\\\New folder\\\\functions\\\\node_modules\\\\firebase-functions\\\\lib\\\\index.js\"}}"}}
[debug] [2020-11-03T09:07:37.913Z] [runtime-status] [7784] Resolved module firebase-functions {"declared":true,"installed":true,"version":"3.11.0","resolution":"E:\\New folder\\New folder\\functions\\node_modules\\firebase-functions\\lib\\index.js"} {"metadata":{"emulator":{"name":"functions"},"message":"[runtime-status] [7784] Resolved module firebase-functions {\"declared\":true,\"installed\":true,\"version\":\"3.11.0\",\"resolution\":\"E:\\\\New folder\\\\New folder\\\\functions\\\\node_modules\\\\firebase-functions\\\\lib\\\\index.js\"}"}}
[debug] [2020-11-03T09:07:37.914Z] [runtime-status] [7784] Resolved module firebase-admin {"declared":true,"installed":true,"version":"9.3.0","resolution":"E:\\New folder\\New folder\\functions\\node_modules\\firebase-admin\\lib\\index.js"} {"metadata":{"emulator":{"name":"functions"},"message":"[runtime-status] [7784] Resolved module firebase-admin {\"declared\":true,\"installed\":true,\"version\":\"9.3.0\",\"resolution\":\"E:\\\\New folder\\\\New folder\\\\functions\\\\node_modules\\\\firebase-admin\\\\lib\\\\index.js\"}"}}
[debug] [2020-11-03T09:07:37.915Z] [runtime-status] [7784] Resolved module firebase-functions {"declared":true,"installed":true,"version":"3.11.0","resolution":"E:\\New folder\\New folder\\functions\\node_modules\\firebase-functions\\lib\\index.js"} {"metadata":{"emulator":{"name":"functions"},"message":"[runtime-status] [7784] Resolved module firebase-functions {\"declared\":true,\"installed\":true,\"version\":\"3.11.0\",\"resolution\":\"E:\\\\New folder\\\\New folder\\\\functions\\\\node_modules\\\\firebase-functions\\\\lib\\\\index.js\"}"}}
[debug] [2020-11-03T09:07:37.915Z] [runtime-status] [7784] firebase-admin has been stubbed. {"adminResolution":{"declared":true,"installed":true,"version":"9.3.0","resolution":"E:\\New folder\\New folder\\functions\\node_modules\\firebase-admin\\lib\\index.js"}} {"metadata":{"emulator":{"name":"functions"},"message":"[runtime-status] [7784] firebase-admin has been stubbed. {\"adminResolution\":{\"declared\":true,\"installed\":true,\"version\":\"9.3.0\",\"resolution\":\"E:\\\\New folder\\\\New folder\\\\functions\\\\node_modules\\\\firebase-admin\\\\lib\\\\index.js\"}}"}}
[debug] [2020-11-03T09:07:38.546Z] [runtime-status] [7784] initializeApp(DEFAULT) {"databaseURL":"https://socialnetwork-42857.firebaseio.com","storageBucket":"socialnetwork-42857.appspot.com","projectId":"socialnetwork-42857"} {"metadata":{"emulator":{"name":"functions"},"message":"[runtime-status] [7784] initializeApp(DEFAULT) {\"databaseURL\":\"https://socialnetwork-42857.firebaseio.com\",\"storageBucket\":\"socialnetwork-42857.appspot.com\",\"projectId\":\"socialnetwork-42857\"}"}}
[warn] !  functions: The Cloud Firestore emulator is not running, so calls to Firestore will affect production. {"metadata":{"emulator":{"name":"functions"},"message":"The Cloud Firestore emulator is not running, so calls to Firestore will affect production."}}
[debug] [2020-11-03T09:07:39.460Z] [worker-~diagnostic~-4aebb2dd-abc5-4207-9790-5b8a3d0b1bd9]: IDLE {"metadata":{"emulator":{"name":"functions"},"message":"[worker-~diagnostic~-4aebb2dd-abc5-4207-9790-5b8a3d0b1bd9]: IDLE"}}
[debug] [2020-11-03T09:12:42.229Z] File E:\New folder\New folder\functions\index.js changed, reloading triggers {"metadata":{"emulator":{"name":"functions"},"message":"File E:\\New folder\\New folder\\functions\\index.js changed, reloading triggers"}}
[debug] [2020-11-03T09:12:43.231Z] [worker-pool] Shutting down IDLE worker (~diagnostic~) {"metadata":{"emulator":{"name":"functions"},"message":"[worker-pool] Shutting down IDLE worker (~diagnostic~)"}}
[debug] [2020-11-03T09:12:43.231Z] [worker-~diagnostic~-4aebb2dd-abc5-4207-9790-5b8a3d0b1bd9]: FINISHING {"metadata":{"emulator":{"name":"functions"},"message":"[worker-~diagnostic~-4aebb2dd-abc5-4207-9790-5b8a3d0b1bd9]: FINISHING"}}
[debug] [2020-11-03T09:12:43.231Z] [worker-pool] Cleaned up workers for ~diagnostic~: 2 --> 1 {"metadata":{"emulator":{"name":"functions"},"message":"[worker-pool] Cleaned up workers for ~diagnostic~: 2 --> 1"}}
[debug] [2020-11-03T09:12:43.248Z] [worker-pool] addWorker(~diagnostic~) {"metadata":{"emulator":{"name":"functions"},"message":"[worker-pool] addWorker(~diagnostic~)"}}
[debug] [2020-11-03T09:12:43.248Z] [worker-pool] Adding worker with key ~diagnostic~, total=2 {"metadata":{"emulator":{"name":"functions"},"message":"[worker-pool] Adding worker with key ~diagnostic~, total=2"}}
[debug] [2020-11-03T09:12:43.248Z] [worker-pool] submitWork(triggerId=) {"metadata":{"emulator":{"name":"functions"},"message":"[worker-pool] submitWork(triggerId=)"}}
[debug] [2020-11-03T09:12:43.248Z] [worker-~diagnostic~-8be4ddd1-c791-4ea3-9fad-9d7f841b554f]: Assigning socketPath: \\?\pipe\E:\New folder\New folder\functions\13412 {"metadata":{"emulator":{"name":"functions"},"message":"[worker-~diagnostic~-8be4ddd1-c791-4ea3-9fad-9d7f841b554f]: Assigning socketPath: \\\\?\\pipe\\E:\\New folder\\New folder\\functions\\13412"}}
[debug] [2020-11-03T09:12:43.248Z] [worker-~diagnostic~-8be4ddd1-c791-4ea3-9fad-9d7f841b554f]: BUSY {"metadata":{"emulator":{"name":"functions"},"message":"[worker-~diagnostic~-8be4ddd1-c791-4ea3-9fad-9d7f841b554f]: BUSY"}}
[debug] [2020-11-03T09:12:43.248Z] [worker-~diagnostic~-4aebb2dd-abc5-4207-9790-5b8a3d0b1bd9]: exited {"metadata":{"emulator":{"name":"functions"},"message":"[worker-~diagnostic~-4aebb2dd-abc5-4207-9790-5b8a3d0b1bd9]: exited"}}
[debug] [2020-11-03T09:12:43.249Z] [worker-~diagnostic~-4aebb2dd-abc5-4207-9790-5b8a3d0b1bd9]: FINISHED {"metadata":{"emulator":{"name":"functions"},"message":"[worker-~diagnostic~-4aebb2dd-abc5-4207-9790-5b8a3d0b1bd9]: FINISHED"}}
[debug] [2020-11-03T09:12:44.553Z] [runtime-status] [13412] Functions runtime initialized. {"cwd":"E:\\New folder\\New folder\\functions","node_version":"12.16.3"} {"metadata":{"emulator":{"name":"functions"},"message":"[runtime-status] [13412] Functions runtime initialized. {\"cwd\":\"E:\\\\New folder\\\\New folder\\\\functions\",\"node_version\":\"12.16.3\"}"}}
[debug] [2020-11-03T09:12:44.557Z] [runtime-status] [13412] Disabled runtime features: undefined {"metadata":{"emulator":{"name":"functions"},"message":"[runtime-status] [13412] Disabled runtime features: undefined"}}
[debug] [2020-11-03T09:12:44.564Z] [runtime-status] [13412] Resolved module firebase-admin {"declared":true,"installed":true,"version":"9.3.0","resolution":"E:\\New folder\\New folder\\functions\\node_modules\\firebase-admin\\lib\\index.js"} {"metadata":{"emulator":{"name":"functions"},"message":"[runtime-status] [13412] Resolved module firebase-admin {\"declared\":true,\"installed\":true,\"version\":\"9.3.0\",\"resolution\":\"E:\\\\New folder\\\\New folder\\\\functions\\\\node_modules\\\\firebase-admin\\\\lib\\\\index.js\"}"}}
[debug] [2020-11-03T09:12:44.565Z] [runtime-status] [13412] Resolved module firebase-functions {"declared":true,"installed":true,"version":"3.11.0","resolution":"E:\\New folder\\New folder\\functions\\node_modules\\firebase-functions\\lib\\index.js"} {"metadata":{"emulator":{"name":"functions"},"message":"[runtime-status] [13412] Resolved module firebase-functions {\"declared\":true,\"installed\":true,\"version\":\"3.11.0\",\"resolution\":\"E:\\\\New folder\\\\New folder\\\\functions\\\\node_modules\\\\firebase-functions\\\\lib\\\\index.js\"}"}}
[debug] [2020-11-03T09:12:44.566Z] [runtime-status] [13412] Resolved module firebase-functions {"declared":true,"installed":true,"version":"3.11.0","resolution":"E:\\New folder\\New folder\\functions\\node_modules\\firebase-functions\\lib\\index.js"} {"metadata":{"emulator":{"name":"functions"},"message":"[runtime-status] [13412] Resolved module firebase-functions {\"declared\":true,\"installed\":true,\"version\":\"3.11.0\",\"resolution\":\"E:\\\\New folder\\\\New folder\\\\functions\\\\node_modules\\\\firebase-functions\\\\lib\\\\index.js\"}"}}
[debug] [2020-11-03T09:12:44.567Z] [runtime-status] [13412] Outgoing network have been stubbed. [{"name":"http","status":"mocked"},{"name":"http","status":"mocked"},{"name":"https","status":"mocked"},{"name":"https","status":"mocked"},{"name":"net","status":"mocked"}] {"metadata":{"emulator":{"name":"functions"},"message":"[runtime-status] [13412] Outgoing network have been stubbed. [{\"name\":\"http\",\"status\":\"mocked\"},{\"name\":\"http\",\"status\":\"mocked\"},{\"name\":\"https\",\"status\":\"mocked\"},{\"name\":\"https\",\"status\":\"mocked\"},{\"name\":\"net\",\"status\":\"mocked\"}]"}}
[debug] [2020-11-03T09:12:44.568Z] [runtime-status] [13412] Resolved module firebase-functions {"declared":true,"installed":true,"version":"3.11.0","resolution":"E:\\New folder\\New folder\\functions\\node_modules\\firebase-functions\\lib\\index.js"} {"metadata":{"emulator":{"name":"functions"},"message":"[runtime-status] [13412] Resolved module firebase-functions {\"declared\":true,\"installed\":true,\"version\":\"3.11.0\",\"resolution\":\"E:\\\\New folder\\\\New folder\\\\functions\\\\node_modules\\\\firebase-functions\\\\lib\\\\index.js\"}"}}
[debug] [2020-11-03T09:12:44.604Z] [runtime-status] [13412] Checked functions.config() {"config":{}} {"metadata":{"emulator":{"name":"functions"},"message":"[runtime-status] [13412] Checked functions.config() {\"config\":{}}"}}
[debug] [2020-11-03T09:12:44.605Z] [runtime-status] [13412] firebase-functions has been stubbed. {"functionsResolution":{"declared":true,"installed":true,"version":"3.11.0","resolution":"E:\\New folder\\New folder\\functions\\node_modules\\firebase-functions\\lib\\index.js"}} {"metadata":{"emulator":{"name":"functions"},"message":"[runtime-status] [13412] firebase-functions has been stubbed. {\"functionsResolution\":{\"declared\":true,\"installed\":true,\"version\":\"3.11.0\",\"resolution\":\"E:\\\\New folder\\\\New folder\\\\functions\\\\node_modules\\\\firebase-functions\\\\lib\\\\index.js\"}}"}}
[debug] [2020-11-03T09:12:44.605Z] [runtime-status] [13412] Resolved module firebase-functions {"declared":true,"installed":true,"version":"3.11.0","resolution":"E:\\New folder\\New folder\\functions\\node_modules\\firebase-functions\\lib\\index.js"} {"metadata":{"emulator":{"name":"functions"},"message":"[runtime-status] [13412] Resolved module firebase-functions {\"declared\":true,\"installed\":true,\"version\":\"3.11.0\",\"resolution\":\"E:\\\\New folder\\\\New folder\\\\functions\\\\node_modules\\\\firebase-functions\\\\lib\\\\index.js\"}"}}
[debug] [2020-11-03T09:12:44.606Z] [runtime-status] [13412] Resolved module firebase-admin {"declared":true,"installed":true,"version":"9.3.0","resolution":"E:\\New folder\\New folder\\functions\\node_modules\\firebase-admin\\lib\\index.js"} {"metadata":{"emulator":{"name":"functions"},"message":"[runtime-status] [13412] Resolved module firebase-admin {\"declared\":true,\"installed\":true,\"version\":\"9.3.0\",\"resolution\":\"E:\\\\New folder\\\\New folder\\\\functions\\\\node_modules\\\\firebase-admin\\\\lib\\\\index.js\"}"}}
[debug] [2020-11-03T09:12:44.606Z] [runtime-status] [13412] Resolved module firebase-functions {"declared":true,"installed":true,"version":"3.11.0","resolution":"E:\\New folder\\New folder\\functions\\node_modules\\firebase-functions\\lib\\index.js"} {"metadata":{"emulator":{"name":"functions"},"message":"[runtime-status] [13412] Resolved module firebase-functions {\"declared\":true,\"installed\":true,\"version\":\"3.11.0\",\"resolution\":\"E:\\\\New folder\\\\New folder\\\\functions\\\\node_modules\\\\firebase-functions\\\\lib\\\\index.js\"}"}}
[debug] [2020-11-03T09:12:44.607Z] [runtime-status] [13412] firebase-admin has been stubbed. {"adminResolution":{"declared":true,"installed":true,"version":"9.3.0","resolution":"E:\\New folder\\New folder\\functions\\node_modules\\firebase-admin\\lib\\index.js"}} {"metadata":{"emulator":{"name":"functions"},"message":"[runtime-status] [13412] firebase-admin has been stubbed. {\"adminResolution\":{\"declared\":true,\"installed\":true,\"version\":\"9.3.0\",\"resolution\":\"E:\\\\New folder\\\\New folder\\\\functions\\\\node_modules\\\\firebase-admin\\\\lib\\\\index.js\"}}"}}
[debug] [2020-11-03T09:12:44.713Z] [runtime-status] [13412] initializeApp(DEFAULT) {"databaseURL":"https://socialnetwork-42857.firebaseio.com","storageBucket":"socialnetwork-42857.appspot.com","projectId":"socialnetwork-42857"} {"metadata":{"emulator":{"name":"functions"},"message":"[runtime-status] [13412] initializeApp(DEFAULT) {\"databaseURL\":\"https://socialnetwork-42857.firebaseio.com\",\"storageBucket\":\"socialnetwork-42857.appspot.com\",\"projectId\":\"socialnetwork-42857\"}"}}
[warn] !  functions: The Cloud Firestore emulator is not running, so calls to Firestore will affect production. {"metadata":{"emulator":{"name":"functions"},"message":"The Cloud Firestore emulator is not running, so calls to Firestore will affect production."}}
[debug] [2020-11-03T09:12:45.003Z] [worker-~diagnostic~-8be4ddd1-c791-4ea3-9fad-9d7f841b554f]: IDLE {"metadata":{"emulator":{"name":"functions"},"message":"[worker-~diagnostic~-8be4ddd1-c791-4ea3-9fad-9d7f841b554f]: IDLE"}}
